<?xml version="1.0" encoding="UTF-8"?>
<testsuite xmlns:xsi="http://www.w3.org/2001/XMLSchema-instance" xsi:noNamespaceSchemaLocation="https://maven.apache.org/surefire/maven-surefire-plugin/xsd/surefire-test-report.xsd" name="TestSuite" time="15.327" tests="5" errors="0" skipped="0" failures="4">
  <properties>
[...]
</properties>
  <testcase name="AfterBalanceCalculationforSpecificUser" classname="StatementTest.Statement" time="1.309">
    <failure message="Actual balance after is not matched with expected balance after expected [32.0] but found [25.00]" type="java.lang.AssertionError">java.lang.AssertionError: Actual balance after is not matched with expected balance after expected [32.0] but found [25.00]
	at StatementTest.Statement.AfterBalanceCalculationforSpecificUser(Statement.java:101)
</failure>
    <system-out><![CDATA[Turnover recalculation is required
]]></system-out>
    <system-err><![CDATA[SLF4J: Failed to load class "org.slf4j.impl.StaticLoggerBinder".
SLF4J: Defaulting to no-operation (NOP) logger implementation
SLF4J: See http://www.slf4j.org/codes.html#StaticLoggerBinder for further details.
Starting ChromeDriver 85.0.4183.87 (cd6713ebf92fa1cacc0f1a598df280093af0c5d7-refs/branch-heads/4183@{#1689}) on port 20207
Only local connections are allowed.
Please see https://chromedriver.chromium.org/security-considerations for suggestions on keeping ChromeDriver safe.
ChromeDriver was started successfully.
Sep 25, 2020 9:29:42 AM org.openqa.selenium.remote.ProtocolHandshake createSession
INFO: Detected dialect: W3C
]]></system-err>
  </testcase>
  <testcase name="BeforeBalanceCalculationforSpecificUser" classname="StatementTest.Statement" time="0.713">
    <failure message="expected [17.0] but found [0.00]" type="java.lang.AssertionError">java.lang.AssertionError: expected [17.0] but found [0.00]
	at StatementTest.Statement.BeforeBalanceCalculationforSpecificUser(Statement.java:63)
</failure>
    <system-out><![CDATA[Turnover recalculation is required
]]></system-out>
  </testcase>
  <testcase name="StatementFilteredwithDate_ButnoRecordFound" classname="StatementTest.Statement" time="2.081">
    <failure message="No result found even though we have statement in between this date range expected [true] but found [false]" type="java.lang.AssertionError">java.lang.AssertionError: No result found even though we have statement in between this date range expected [true] but found [false]
	at StatementTest.Statement.StatementFilteredwithDate_ButnoRecordFound(Statement.java:187)
</failure>
    <system-out><![CDATA[Account: 7
Request method:	POST
Request URI:	http://localhost:9999/statements
Proxy:			<none>
Request params:	<none>
Query params:	<none>
Form params:	<none>
Path params:	<none>
Headers:		Accept=*/*
				Content-Type=text/plain; charset=ISO-8859-1
Cookies:		<none>
Multiparts:		<none>
Body:
{
    "statement": {
        "account_id": "7",
        "amount": "-50.32",
        "currency": "EUR",
        "date": 1600673419
    }
}
]]></system-out>
  </testcase>
  <testcase name="StatementFilteredwithDate_WhereOperationDateisInBetweenThatDateRange" classname="StatementTest.Statement" time="0.809"/>
  <testcase name="StatementFilteredwithDate_WhichExactlyMatchwithOperationDate" classname="StatementTest.Statement" time="0.81">
    <failure message="No result found even though we have statement for this date range expected [true] but found [false]" type="java.lang.AssertionError">java.lang.AssertionError: No result found even though we have statement for this date range expected [true] but found [false]
	at StatementTest.Statement.StatementFilteredwithDate_WhichExactlyMatchwithOperationDate(Statement.java:132)
</failure>
    <system-out><![CDATA[Account: 7
Request method:	POST
Request URI:	http://localhost:9999/statements
Proxy:			<none>
Request params:	<none>
Query params:	<none>
Form params:	<none>
Path params:	<none>
Headers:		Accept=*/*
				Content-Type=text/plain; charset=ISO-8859-1
Cookies:		<none>
Multiparts:		<none>
Body:
{
    "statement": {
        "account_id": "7",
        "amount": "-50.32",
        "currency": "EUR",
        "date": 1600673419
    }
}
]]></system-out>
  </testcase>
</testsuite>